<?xml version="1.0" encoding="UTF-8"?>
<testng-results ignored="0" total="1" passed="1" failed="0" skipped="0">
  <reporter-output>
  </reporter-output>
  <suite started-at="2023-02-22T17:48:58 IST" name="Suite" finished-at="2023-02-22T17:48:58 IST" duration-ms="325">
    <groups>
    </groups>
    <test started-at="2023-02-22T17:48:58 IST" name="Test" finished-at="2023-02-22T17:48:58 IST" duration-ms="325">
      <class name="fakerPractice.callfaker">
        <test-method signature="test()[pri:0, instance:fakerPractice.callfaker@a530d0a]" started-at="2023-02-22T17:48:58 IST" name="test" finished-at="2023-02-22T17:48:58 IST" duration-ms="284" status="PASS">
          <reporter-output>
          </reporter-output>
        </test-method> <!-- test -->
      </class> <!-- fakerPractice.callfaker -->
    </test> <!-- Test -->
  </suite> <!-- Suite -->
</testng-results>
