<?xml version="1.0" encoding="UTF-8"?>
<testng-results ignored="0" total="1" passed="1" failed="0" skipped="0">
  <reporter-output>
  </reporter-output>
  <suite started-at="2023-02-08T09:36:08 IST" name="Default suite" finished-at="2023-02-08T09:36:09 IST" duration-ms="1280">
    <groups>
    </groups>
    <test started-at="2023-02-08T09:36:08 IST" name="Default test" finished-at="2023-02-08T09:36:09 IST" duration-ms="1280">
      <class name="CallReadData">
        <test-method signature="strings()[pri:0, instance:CallReadData@5fd4f8f5]" started-at="2023-02-08T09:36:08 IST" name="strings" finished-at="2023-02-08T09:36:09 IST" duration-ms="1227" status="PASS">
          <reporter-output>
          </reporter-output>
        </test-method> <!-- strings -->
      </class> <!-- CallReadData -->
    </test> <!-- Default test -->
  </suite> <!-- Default suite -->
</testng-results>
